<?xml version="1.0" encoding="UTF-8"?>
<beans xmlns="http://www.springframework.org/schema/beans" xmlns:xsi="http://www.w3.org/2001/XMLSchema-instance"
       xmlns:context="http://www.springframework.org/schema/context"
       xsi:schemaLocation="http://www.springframework.org/schema/beans http://www.springframework.org/schema/beans/spring-beans.xsd http://www.springframework.org/schema/context http://www.springframework.org/schema/context/spring-context.xsd">

    <context:property-placeholder location="classpath:/uk/co/grahamcox/books/webapp/test.properties" />
    <import resource="classpath:uk/co/grahamcox/books/core/spring/context.xml" />
    <import resource="classpath:uk/co/grahamcox/books/rest/spring/context.xml" />
</beans>
